fdasarray (
  'q' => 'Doenerhaendler',
)array (
  'q' => 'Doenerhaendler',
)array (
  'q' => 'Doenerhaendler',
)array (
  'q' => 'Doenerhaendler',
)array (
  'q' => 'Doenerhaendler',
)array (
  'q' => 'Doenerhaendler',
)array (
  'q' => 'Doenerhaendler',
)array (
)array (
  'q' => '"',
)array (
)array (
  'q' => '"',
)array (
  'q' => 'Doenerhaendler',
)array (
  'q' => 'Doenerhaendler',
)array (
  'q' => 'Doenerhaendler',
)array (
  'q' => 'Doenerhaendler',
)array (
  'q' => 'Doenerhaendler',
)array (
  'q' => 'Doenerhaendler',
)array (
  'q' => 'Doenerhaendler',
)array (
  'q' => 'Doenerhaendler',
)array (
  'q' => 'Doenerhaendler',
)array (
  'q' => 'Doenerhaendler',
)array (
  'q' => 'Doenerhaendler',
)array (
  'q' => 'Doenerhaendler',
)array (
  'q' => 'Doenerhaendler',
)array (
  'q' => 'Doenerhaendler',
)array (
  'q' => 'Doenerhaendler',
)array (
  'q' => 'Doenerhaendler',
)array (
  'q' => 'Doenerhaendler',
)array (
  'q' => 'Doenerhaendler',
)array (
  'q' => 'Doenerhaendler',
)array (
  'q' => 'Doenerhaendler',
)array (
  'q' => 'Doenerhaendler',
)array (
  'q' => 'Doenerhaendler',
)array (
  'q' => 'Doenerhaendler',
)array (
  'q' => 'Doenerhaendler',
)array (
  'q' => 'Doenerhaendler',
)array (
  'q' => 'Doenerhaendler',
)array (
  'q' => 'Doenerhaendler',
)array (
  'q' => 'Doenerhaendler',
)array (
  'q' => 'Doenerhaendler',
)array (
  'q' => 'Doenerhaendler',
)array (
  'q' => 'Doenerhaendler',
)array (
  'q' => 'Doenerhaendler',
)array (
  'q' => 'Argent Squire',
)array (
  'q' => 'Doenerhaendler',
)array (
  'q' => 'Argent Squire',
)array (
  'q' => 'Doenerhaendler',
)array (
  'q' => 'Argent Squire',
)array (
  'q' => 'Doenerhaendler',
)array (
  'q' => 'Argent Squire',
)array (
  'q' => 'Doenerhaendler',
)array (
  'q' => 'Argent Squire',
)array (
  'q' => 'Doenerhaendler',
)array (
  'q' => 'Argent Squire',
)array (
  'q' => 'Doenerhaendler',
)array (
  'q' => 'Argent Squire',
)array (
  'q' => 'Doenerhaendler',
)array (
  'q' => 'Argent Squire',
)array (
  'q' => 'Doenerhaendler',
)array (
  'q' => 'Argent Squire',
)array (
  'q' => 'Doenerhaendler',
)array (
  'q' => 'Argent Squire',
)array (
  'q' => 'Doenerhaendler',
)array (
  'q' => 'Argent Squire',
)array (
  'q' => 'Doenerhaendler',
)array (
  'q' => 'Argent Squire',
)array (
  'q' => 'Doenerhaendler',
)array (
  'q' => 'Argent Squire',
)array (
  'q' => 'Doenerhaendler',
)array (
  'q' => 'Argent Squire',
)array (
  'q' => 'Doenerhaendler',
)array (
  'q' => 'Argent Squire',
)array (
  'q' => 'Doenerhaendler',
)array (
  'q' => 'Argent Squire',
)array (
  'q' => 'Doenerhaendler',
)array (
  'q' => 'Doenerhaendler',
)array (
  'q' => 'Doenerhaendler',
)array (
  'q' => 'Doenerhaendler',
)array (
  'q' => 'Doenerhaendler',
)array (
  'q' => 'Doenerhaendler',
)array (
  'q' => 'Doenerhaendler',
)array (
  'q' => 'Doenerhaendler',
)array (
  'q' => 'Doenerhaendler',
)array (
  'q' => 'Doenerhaendler',
)array (
  'q' => 'Doenerhaendler',
)array (
  'q' => 'Doenerhaendler',
)array (
  'q' => 'Doenerhaendler',
)array (
  'q' => 'Doenerhaendler',
)array (
  'q' => 'Doenerhaendler',
)array (
  'q' => 'Doenerhaendler',
)